<?xml version="1.0" encoding="utf-8" standalone="no"?>
<!--This file represents the results of running a test suite-->
<test-results name="C:\Users\Sergey\Desktop\MyORMx\UnitTests\bin\Debug\UnitTests.dll" total="9" errors="0" failures="0" not-run="0" inconclusive="0" ignored="0" skipped="0" invalid="0" date="2014-04-05" time="15:01:26">
  <environment nunit-version="2.6.3.13283" clr-version="2.0.50727.5477" os-version="Microsoft Windows NT 6.1.7601 Service Pack 1" platform="Win32NT" cwd="C:\Program Files (x86)\NUnit 2.6.3\bin" machine-name="HOME" user="Sergey" user-domain="HOME" />
  <culture-info current-culture="ru-RU" current-uiculture="ru-RU" />
  <test-suite type="Assembly" name="C:\Users\Sergey\Desktop\MyORMx\UnitTests\bin\Debug\UnitTests.dll" executed="True" result="Success" success="True" time="0.286" asserts="0">
    <results>
      <test-suite type="Namespace" name="UnitTests" executed="True" result="Success" success="True" time="0.239" asserts="0">
        <results>
          <test-suite type="TestFixture" name="AccessorMemoryTEST+UnitTest1" executed="True" result="Success" success="True" time="0.226" asserts="0">
            <results>
              <test-case name="UnitTests.AccessorMemoryTEST+UnitTest1.AddPersonTEST" executed="True" result="Success" success="True" time="0.069" asserts="1" />
              <test-case name="UnitTests.AccessorMemoryTEST+UnitTest1.ClearTEST" executed="True" result="Success" success="True" time="0.003" asserts="1" />
              <test-case name="UnitTests.AccessorMemoryTEST+UnitTest1.CountTEST" executed="True" result="Success" success="True" time="0.000" asserts="1" />
              <test-case name="UnitTests.AccessorMemoryTEST+UnitTest1.GetAllPersonTEST" executed="True" result="Success" success="True" time="0.006" asserts="1" />
              <test-case name="UnitTests.AccessorMemoryTEST+UnitTest1.InsertPerson" executed="True" result="Success" success="True" time="0.001" asserts="2" />
              <test-case name="UnitTests.AccessorMemoryTEST+UnitTest1.RemovePersonTEST" executed="True" result="Success" success="True" time="0.001" asserts="1" />
              <test-case name="UnitTests.AccessorMemoryTEST+UnitTest1.StorageTEST" executed="True" result="Success" success="True" time="0.000" asserts="1" />
            </results>
          </test-suite>
          <test-suite type="TestFixture" name="ClientTEST" executed="True" result="Success" success="True" time="0.001" asserts="0">
            <results>
              <test-case name="UnitTests.ClientTEST.ClientConstructorTEST" executed="True" result="Success" success="True" time="0.000" asserts="0" />
            </results>
          </test-suite>
          <test-suite type="TestFixture" name="PersonTEST" executed="True" result="Success" success="True" time="0.002" asserts="0">
            <results>
              <test-case name="UnitTests.PersonTEST.PersonConsstructorTEST" executed="True" result="Success" success="True" time="0.000" asserts="2" />
            </results>
          </test-suite>
        </results>
      </test-suite>
    </results>
  </test-suite>
</test-results>